<?xml version="1.0" encoding="UTF-8"?>
<!-- Generated by org.testng.reporters.JUnitReportReporter -->
<testsuite skipped="0" hostname="DESKTOP-A71PO2S" name="spotify.oauth2.tests.PlaylistTests" tests="1" failures="0" timestamp="2021-05-13T23:38:17 IST" time="2.884" errors="0">
  <testcase name="shouldNotBeAbleToCreatePlaylistWithExpiredToken" time="2.884" classname="spotify.oauth2.tests.PlaylistTests"/>
  <system-out/>
</testsuite> <!-- spotify.oauth2.tests.PlaylistTests -->
