<?xml version="1.0" encoding="UTF-8"?>
<!-- Generated by org.testng.reporters.JUnitReportReporter -->
<testsuite skipped="1" hostname="DESKTOP-A71PO2S" name="com.spotify.oauth2.tests.PlaylistTests" tests="5" failures="0" timestamp="2021-05-19T23:31:03 IST" time="4.643" errors="0">
  <testcase name="shouldNotBeAbleToCreatePlaylistWithExpiredToken" time="0.317" classname="com.spotify.oauth2.tests.PlaylistTests"/>
  <system-out/>
  <testcase name="shouldNotBeAbleToCreatePlaylistWithoutName" time="0.308" classname="com.spotify.oauth2.tests.PlaylistTests"/>
  <system-out/>
  <testcase name="shouldBeAbleToPutPlaylist" time="0.365" classname="com.spotify.oauth2.tests.PlaylistTests"/>
  <system-out/>
  <testcase name="shouldBeAbleToCreatePlaylist" time="3.653" classname="com.spotify.oauth2.tests.PlaylistTests"/>
  <system-out/>
  <testcase name="shouldBeAbleToGetPlaylist" classname="com.spotify.oauth2.tests.PlaylistTests">
    <skipped/>
  </testcase> <!-- shouldBeAbleToGetPlaylist -->
  <system-out/>
</testsuite> <!-- com.spotify.oauth2.tests.PlaylistTests -->
